<?xml version="1.0" encoding="utf-8"?><Test><test-suite type="Assembly" id="1021" name="Assembly-CSharp-Editor.dll" fullname="/home/sebipacurar/Documents/my-git/AltTester-RollABall/RollABall/Library/ScriptAssemblies/Assembly-CSharp-Editor.dll" runstate="Runnable" testcasecount="17" result="Failed" site="Child" start-time="2023-06-07 20:06:40Z" end-time="2023-06-07 20:07:02Z" duration="22.215316" total="1" passed="0" failed="1" inconclusive="0" skipped="0" asserts="0"><properties><property name="_PID" value="8398" /><property name="_APPDOMAIN" value="Unity Child Domain" /></properties><failure><message><![CDATA[One or more child tests had errors]]></message></failure><test-suite type="TestSuite" id="1022" name="Editor" fullname="Editor" runstate="Runnable" testcasecount="17" result="Failed" site="Child" start-time="2023-06-07 20:06:40Z" end-time="2023-06-07 20:07:02Z" duration="22.201946" total="1" passed="0" failed="1" inconclusive="0" skipped="0" asserts="0"><failure><message><![CDATA[One or more child tests had errors]]></message></failure><test-suite type="TestSuite" id="1023" name="Tests" fullname="Editor.Tests" runstate="Runnable" testcasecount="17" result="Failed" site="Child" start-time="2023-06-07 20:06:40Z" end-time="2023-06-07 20:07:02Z" duration="22.201750" total="1" passed="0" failed="1" inconclusive="0" skipped="0" asserts="0"><failure><message><![CDATA[One or more child tests had errors]]></message></failure><test-suite type="TestSuite" id="1024" name="GamePlayTests" fullname="Editor.Tests.GamePlayTests" runstate="Runnable" testcasecount="2" result="Failed" site="Child" start-time="2023-06-07 20:06:40Z" end-time="2023-06-07 20:07:02Z" duration="22.201681" total="1" passed="0" failed="1" inconclusive="0" skipped="0" asserts="0"><failure><message><![CDATA[One or more child tests had errors]]></message></failure><test-suite type="TestFixture" id="1013" name="PickUpTests" fullname="Editor.Tests.GamePlayTests.PickUpTests" classname="Editor.Tests.GamePlayTests.PickUpTests" runstate="Runnable" testcasecount="2" result="Failed" site="Child" start-time="2023-06-07 20:06:40Z" end-time="2023-06-07 20:07:02Z" duration="22.200932" total="1" passed="0" failed="1" inconclusive="0" skipped="0" asserts="0"><failure><message><![CDATA[One or more child tests had errors]]></message></failure><test-case id="1015" name="TestPickupAllItemsKeyboard" fullname="Editor.Tests.GamePlayTests.PickUpTests.TestPickupAllItemsKeyboard" methodname="TestPickupAllItemsKeyboard" classname="Editor.Tests.GamePlayTests.PickUpTests" runstate="Runnable" seed="432772462" result="Failed" label="Error" start-time="2023-06-07 20:06:40Z" end-time="2023-06-07 20:07:02Z" duration="21.570222" asserts="0"><failure><message><![CDATA[System.InvalidOperationException : The current state of the connection is not Open.]]></message><stack-trace><![CDATA[  at AltWebSocketSharp.WebSocket.Send (System.String data) [0x0001a] in <fa7f569146a940ec97d7d09439252ce5>:0 
  at Altom.AltDriver.Commands.AltWebSocketClient.Send (System.String data) [0x00001] in /home/sebipacurar/Documents/my-git/AltTester-RollABall/RollABall/Assets/AltTester/AltDriver/Commands/AltWebSocketClient.cs:29 
  at Altom.AltDriver.Commands.DriverCommunicationWebSocket.Send (Altom.AltDriver.Commands.CommandParams param) [0x0003c] in /home/sebipacurar/Documents/my-git/AltTester-RollABall/RollABall/Assets/AltTester/AltDriver/Commands/DriverCommunicationWebSocket.cs:143 
  at Altom.AltDriver.Commands.AltPressKeys.Execute () [0x00001] in /home/sebipacurar/Documents/my-git/AltTester-RollABall/RollABall/Assets/AltTester/AltDriver/Commands/InputActions/AltPressKeys.cs:12 
  at Altom.AltDriver.AltDriver.PressKeys (Altom.AltDriver.AltKeyCode[] keyCodes, System.Single power, System.Single duration, System.Boolean wait) [0x00001] in /home/sebipacurar/Documents/my-git/AltTester-RollABall/RollABall/Assets/AltTester/AltDriver/AltDriver.cs:312 
  at Altom.AltDriver.AltDriver.PressKey (Altom.AltDriver.AltKeyCode keyCode, System.Single power, System.Single duration, System.Boolean wait) [0x0000c] in /home/sebipacurar/Documents/my-git/AltTester-RollABall/RollABall/Assets/AltTester/AltDriver/AltDriver.cs:300 
  at Editor.Tests.GamePlayTests.PickUpTests.TestPickupAllItemsKeyboard () [0x00041] in /home/sebipacurar/Documents/my-git/AltTester-RollABall/RollABall/Assets/Editor/Tests/GamePlayTests/PickUpTests.cs:50 
  at (wrapper managed-to-native) System.Reflection.RuntimeMethodInfo.InternalInvoke(System.Reflection.RuntimeMethodInfo,object,object[],System.Exception&)
  at System.Reflection.RuntimeMethodInfo.Invoke (System.Object obj, System.Reflection.BindingFlags invokeAttr, System.Reflection.Binder binder, System.Object[] parameters, System.Globalization.CultureInfo culture) [0x0006a] in <56af3bfda3de4922902bfa6b4d78d122>:0 ]]></stack-trace></failure></test-case></test-suite></test-suite></test-suite></test-suite></test-suite></Test>