<?xml version="1.0" encoding="utf-8"?><Test><test-suite type="Assembly" id="1020" name="Assembly-CSharp-Editor.dll" fullname="/home/sebipacurar/Documents/my-git/AltTester-RollABall/RollABall/Library/ScriptAssemblies/Assembly-CSharp-Editor.dll" runstate="Runnable" testcasecount="16" result="Passed" start-time="2023-06-01 13:17:39Z" end-time="2023-06-01 13:17:49Z" duration="9.639995" total="1" passed="1" failed="0" inconclusive="0" skipped="0" asserts="0"><properties><property name="_PID" value="34209" /><property name="_APPDOMAIN" value="Unity Child Domain" /></properties><test-suite type="TestSuite" id="1021" name="Editor" fullname="Editor" runstate="Runnable" testcasecount="16" result="Passed" start-time="2023-06-01 13:17:39Z" end-time="2023-06-01 13:17:49Z" duration="9.626963" total="1" passed="1" failed="0" inconclusive="0" skipped="0" asserts="0"><test-suite type="TestSuite" id="1022" name="Tests" fullname="Editor.Tests" runstate="Runnable" testcasecount="16" result="Passed" start-time="2023-06-01 13:17:39Z" end-time="2023-06-01 13:17:49Z" duration="9.626675" total="1" passed="1" failed="0" inconclusive="0" skipped="0" asserts="0"><test-suite type="TestSuite" id="1023" name="GamePlayTests" fullname="Editor.Tests.GamePlayTests" runstate="Runnable" testcasecount="1" result="Passed" start-time="2023-06-01 13:17:39Z" end-time="2023-06-01 13:17:49Z" duration="9.626595" total="1" passed="1" failed="0" inconclusive="0" skipped="0" asserts="0"><test-suite type="TestFixture" id="1013" name="PickUpTests" fullname="Editor.Tests.GamePlayTests.PickUpTests" classname="Editor.Tests.GamePlayTests.PickUpTests" runstate="Runnable" testcasecount="1" result="Passed" start-time="2023-06-01 13:17:39Z" end-time="2023-06-01 13:17:49Z" duration="9.625445" total="1" passed="1" failed="0" inconclusive="0" skipped="0" asserts="0"><test-case id="1014" name="TestPickupAllItems" fullname="Editor.Tests.GamePlayTests.PickUpTests.TestPickupAllItems" methodname="TestPickupAllItems" classname="Editor.Tests.GamePlayTests.PickUpTests" runstate="Runnable" seed="539272602" result="Passed" start-time="2023-06-01 13:17:40Z" end-time="2023-06-01 13:17:49Z" duration="8.186133" asserts="0" /></test-suite></test-suite></test-suite></test-suite></test-suite></Test>