<?xml version="1.0" encoding="utf-8"?><Test><test-suite type="Assembly" id="1021" name="Assembly-CSharp-Editor.dll" fullname="/home/sebipacurar/Documents/my-git/AltTester-RollABall/RollABall/Library/ScriptAssemblies/Assembly-CSharp-Editor.dll" runstate="Runnable" testcasecount="17" result="Passed" start-time="2023-06-03 16:02:49Z" end-time="2023-06-03 16:03:13Z" duration="24.821132" total="1" passed="1" failed="0" inconclusive="0" skipped="0" asserts="0"><properties><property name="_PID" value="6648" /><property name="_APPDOMAIN" value="Unity Child Domain" /></properties><test-suite type="TestSuite" id="1022" name="Editor" fullname="Editor" runstate="Runnable" testcasecount="17" result="Passed" start-time="2023-06-03 16:02:49Z" end-time="2023-06-03 16:03:13Z" duration="24.808470" total="1" passed="1" failed="0" inconclusive="0" skipped="0" asserts="0"><test-suite type="TestSuite" id="1023" name="Tests" fullname="Editor.Tests" runstate="Runnable" testcasecount="17" result="Passed" start-time="2023-06-03 16:02:49Z" end-time="2023-06-03 16:03:13Z" duration="24.808187" total="1" passed="1" failed="0" inconclusive="0" skipped="0" asserts="0"><test-suite type="TestSuite" id="1024" name="GamePlayTests" fullname="Editor.Tests.GamePlayTests" runstate="Runnable" testcasecount="2" result="Passed" start-time="2023-06-03 16:02:49Z" end-time="2023-06-03 16:03:13Z" duration="24.808102" total="1" passed="1" failed="0" inconclusive="0" skipped="0" asserts="0"><test-suite type="TestFixture" id="1013" name="PickUpTests" fullname="Editor.Tests.GamePlayTests.PickUpTests" classname="Editor.Tests.GamePlayTests.PickUpTests" runstate="Runnable" testcasecount="2" result="Passed" start-time="2023-06-03 16:02:49Z" end-time="2023-06-03 16:03:13Z" duration="24.806956" total="1" passed="1" failed="0" inconclusive="0" skipped="0" asserts="0"><test-case id="1015" name="TestPickupAllItemsKeyboard" fullname="Editor.Tests.GamePlayTests.PickUpTests.TestPickupAllItemsKeyboard" methodname="TestPickupAllItemsKeyboard" classname="Editor.Tests.GamePlayTests.PickUpTests" runstate="Runnable" seed="927202978" result="Passed" start-time="2023-06-03 16:02:49Z" end-time="2023-06-03 16:03:13Z" duration="24.194457" asserts="0" /></test-suite></test-suite></test-suite></test-suite></test-suite></Test>