<?xml version="1.0" encoding="utf-8"?><Test><test-suite type="Assembly" id="1123" name="Assembly-CSharp-Editor.dll" fullname="/home/sebipacurar/Documents/my-git/AltTester-RollABall/RollABall/Library/ScriptAssemblies/Assembly-CSharp-Editor.dll" runstate="Runnable" testcasecount="15" result="Failed" site="Child" start-time="2023-05-26 16:10:41Z" end-time="2023-05-26 16:10:47Z" duration="5.293058" total="4" passed="4" failed="0" inconclusive="0" skipped="0" asserts="24"><properties><property name="_PID" value="7222" /><property name="_APPDOMAIN" value="Unity Child Domain" /></properties><failure><message><![CDATA[One or more child tests had errors]]></message></failure><test-suite type="TestSuite" id="1124" name="Editor" fullname="Editor" runstate="Runnable" testcasecount="15" result="Failed" site="Child" start-time="2023-05-26 16:10:41Z" end-time="2023-05-26 16:10:47Z" duration="5.280565" total="4" passed="4" failed="0" inconclusive="0" skipped="0" asserts="24"><failure><message><![CDATA[One or more child tests had errors]]></message></failure><test-suite type="TestSuite" id="1125" name="Tests" fullname="Editor.Tests" runstate="Runnable" testcasecount="15" result="Failed" site="Child" start-time="2023-05-26 16:10:41Z" end-time="2023-05-26 16:10:47Z" duration="5.280301" total="4" passed="4" failed="0" inconclusive="0" skipped="0" asserts="24"><failure><message><![CDATA[One or more child tests had errors]]></message></failure><test-suite type="TestSuite" id="1126" name="CanvasTests" fullname="Editor.Tests.CanvasTests" runstate="Runnable" testcasecount="4" result="Failed" site="Child" start-time="2023-05-26 16:10:41Z" end-time="2023-05-26 16:10:47Z" duration="5.280199" total="4" passed="4" failed="0" inconclusive="0" skipped="0" asserts="24"><failure><message><![CDATA[One or more child tests had errors]]></message></failure><test-suite type="TestFixture" id="1118" name="TogglePauseTests" fullname="Editor.Tests.CanvasTests.TogglePauseTests" classname="Editor.Tests.CanvasTests.TogglePauseTests" runstate="Runnable" testcasecount="4" result="Failed" label="Error" site="TearDown" start-time="2023-05-26 16:10:41Z" end-time="2023-05-26 16:10:47Z" duration="5.279280" total="4" passed="4" failed="0" inconclusive="0" skipped="0" asserts="24"><failure><message><![CDATA[TearDown : System.InvalidOperationException : The current state of the connection is not Open.]]></message><stack-trace><![CDATA[--TearDown
  at AltWebSocketSharp.WebSocket.Send (System.String data) [0x0001a] in <fa7f569146a940ec97d7d09439252ce5>:0 
  at Altom.AltDriver.Commands.AltWebSocketClient.Send (System.String data) [0x00001] in /home/sebipacurar/Documents/my-git/AltTester-RollABall/RollABall/Assets/AltTester/AltDriver/Commands/AltWebSocketClient.cs:29 
  at Altom.AltDriver.Commands.DriverCommunicationWebSocket.Send (Altom.AltDriver.Commands.CommandParams param) [0x0003c] in /home/sebipacurar/Documents/my-git/AltTester-RollABall/RollABall/Assets/AltTester/AltDriver/Commands/DriverCommunicationWebSocket.cs:143 
  at Altom.AltDriver.Commands.AltLoadScene.Execute () [0x00001] in /home/sebipacurar/Documents/my-git/AltTester-RollABall/RollABall/Assets/AltTester/AltDriver/Commands/UnityCommands/AltLoadScene.cs:14 
  at Altom.AltDriver.AltDriver.LoadScene (System.String scene, System.Boolean loadSingle) [0x00001] in /home/sebipacurar/Documents/my-git/AltTester-RollABall/RollABall/Assets/AltTester/AltDriver/AltDriver.cs:117 
  at Editor.Tests.CanvasTests.TogglePauseTests.TearDown () [0x0000d] in /home/sebipacurar/Documents/my-git/AltTester-RollABall/RollABall/Assets/Editor/Tests/CanvasTests/TogglePauseTests.cs:18 
  at (wrapper managed-to-native) System.Reflection.RuntimeMethodInfo.InternalInvoke(System.Reflection.RuntimeMethodInfo,object,object[],System.Exception&)
  at System.Reflection.RuntimeMethodInfo.Invoke (System.Object obj, System.Reflection.BindingFlags invokeAttr, System.Reflection.Binder binder, System.Object[] parameters, System.Globalization.CultureInfo culture) [0x0006a] in <56af3bfda3de4922902bfa6b4d78d122>:0 ]]></stack-trace></failure><test-case id="1119" name="AddItem" fullname="Editor.Tests.CanvasTests.TogglePauseTests.AddItem" methodname="AddItem" classname="Editor.Tests.CanvasTests.TogglePauseTests" runstate="Runnable" seed="1966629809" result="Passed" start-time="2023-05-26 16:10:42Z" end-time="2023-05-26 16:10:43Z" duration="0.664813" asserts="2"><properties><property name="Order" value="1" /></properties></test-case><test-case id="1120" name="RemoveItem" fullname="Editor.Tests.CanvasTests.TogglePauseTests.RemoveItem" methodname="RemoveItem" classname="Editor.Tests.CanvasTests.TogglePauseTests" runstate="Runnable" seed="559322534" result="Passed" start-time="2023-05-26 16:10:43Z" end-time="2023-05-26 16:10:43Z" duration="0.400569" asserts="1"><properties><property name="Order" value="2" /></properties></test-case><test-case id="1121" name="Add10Items" fullname="Editor.Tests.CanvasTests.TogglePauseTests.Add10Items" methodname="Add10Items" classname="Editor.Tests.CanvasTests.TogglePauseTests" runstate="Runnable" seed="1553847786" result="Passed" start-time="2023-05-26 16:10:43Z" end-time="2023-05-26 16:10:44Z" duration="0.960335" asserts="11"><properties><property name="Order" value="3" /></properties></test-case><test-case id="1122" name="RemoveMultipleItems" fullname="Editor.Tests.CanvasTests.TogglePauseTests.RemoveMultipleItems" methodname="RemoveMultipleItems" classname="Editor.Tests.CanvasTests.TogglePauseTests" runstate="Runnable" seed="998230222" result="Passed" start-time="2023-05-26 16:10:44Z" end-time="2023-05-26 16:10:47Z" duration="2.436732" asserts="10"><properties><property name="Order" value="4" /></properties></test-case></test-suite></test-suite></test-suite></test-suite></test-suite></Test>